[2021-07-24 21:41:48.364] [exthost] [info] extension host started
[2021-07-24 21:41:48.403] [exthost] [info] ExtensionService#_doActivateExtension vscode.debug-auto-launch {"startup":true,"extensionId":{"value":"vscode.debug-auto-launch","_lower":"vscode.debug-auto-launch"},"activationEvent":"*"}
[2021-07-24 21:41:48.403] [exthost] [info] ExtensionService#loadCommonJSModule file:///usr/local/code-server-3.11.0-linux-amd64/lib/vscode/extensions/debug-auto-launch/dist/extension
[2021-07-24 21:41:48.409] [exthost] [info] ExtensionService#_doActivateExtension vscode.git {"startup":true,"extensionId":{"value":"vscode.github","_lower":"vscode.github"},"activationEvent":"*"}
[2021-07-24 21:41:48.409] [exthost] [info] ExtensionService#loadCommonJSModule file:///usr/local/code-server-3.11.0-linux-amd64/lib/vscode/extensions/git/dist/main
[2021-07-24 21:41:48.508] [exthost] [info] ExtensionService#_doActivateExtension vscode.github {"startup":true,"extensionId":{"value":"vscode.github","_lower":"vscode.github"},"activationEvent":"*"}
[2021-07-24 21:41:48.508] [exthost] [info] ExtensionService#loadCommonJSModule file:///usr/local/code-server-3.11.0-linux-amd64/lib/vscode/extensions/github/dist/extension.js
[2021-07-24 21:41:48.546] [exthost] [info] ExtensionService#_doActivateExtension vscode.emmet {"startup":false,"extensionId":{"value":"vscode.emmet","_lower":"vscode.emmet"},"activationEvent":"onStartupFinished"}
[2021-07-24 21:41:48.546] [exthost] [info] ExtensionService#loadCommonJSModule file:///usr/local/code-server-3.11.0-linux-amd64/lib/vscode/extensions/emmet/dist/node/emmetNodeMain
[2021-07-24 21:41:48.559] [exthost] [info] ExtensionService#_doActivateExtension vscode.merge-conflict {"startup":false,"extensionId":{"value":"vscode.merge-conflict","_lower":"vscode.merge-conflict"},"activationEvent":"onStartupFinished"}
[2021-07-24 21:41:48.559] [exthost] [info] ExtensionService#loadCommonJSModule file:///usr/local/code-server-3.11.0-linux-amd64/lib/vscode/extensions/merge-conflict/dist/mergeConflictMain
[2021-07-24 21:41:48.563] [exthost] [info] ExtensionService#_doActivateExtension vscode.testing-editor-contributions {"startup":false,"extensionId":{"value":"vscode.testing-editor-contributions","_lower":"vscode.testing-editor-contributions"},"activationEvent":"onStartupFinished"}
[2021-07-24 21:41:48.563] [exthost] [info] ExtensionService#loadCommonJSModule file:///usr/local/code-server-3.11.0-linux-amd64/lib/vscode/extensions/testing-editor-contributions/dist/extension.js
[2021-07-24 21:41:48.564] [exthost] [info] eager extensions activated
[2021-07-24 21:41:48.719] [exthost] [info] ExtensionService#_doActivateExtension ms-vscode.js-debug {"startup":false,"extensionId":{"value":"ms-vscode.js-debug","_lower":"ms-vscode.js-debug"},"activationEvent":"onCommand:extension.js-debug.clearAutoAttachVariables"}
[2021-07-24 21:41:48.719] [exthost] [info] ExtensionService#loadCommonJSModule file:///usr/local/code-server-3.11.0-linux-amd64/lib/vscode/extensions/ms-vscode.js-debug/src/extension.js
[2021-07-24 21:43:00.147] [exthost] [info] ExtensionService#_doActivateExtension vscode.configuration-editing {"startup":false,"extensionId":{"value":"vscode.configuration-editing","_lower":"vscode.configuration-editing"},"activationEvent":"onLanguage:jsonc"}
[2021-07-24 21:43:00.147] [exthost] [info] ExtensionService#loadCommonJSModule file:///usr/local/code-server-3.11.0-linux-amd64/lib/vscode/extensions/configuration-editing/dist/configurationEditingMain
[2021-07-24 21:43:00.151] [exthost] [info] ExtensionService#_doActivateExtension vscode.json-language-features {"startup":false,"extensionId":{"value":"vscode.json-language-features","_lower":"vscode.json-language-features"},"activationEvent":"onLanguage:jsonc"}
[2021-07-24 21:43:00.151] [exthost] [info] ExtensionService#loadCommonJSModule file:///usr/local/code-server-3.11.0-linux-amd64/lib/vscode/extensions/json-language-features/client/dist/node/jsonClientMain
[2021-07-24 21:43:00.201] [exthost] [info] ExtensionService#_doActivateExtension vscode.typescript-language-features {"startup":false,"extensionId":{"value":"vscode.typescript-language-features","_lower":"vscode.typescript-language-features"},"activationEvent":"onLanguage:jsonc"}
[2021-07-24 21:43:00.201] [exthost] [info] ExtensionService#loadCommonJSModule file:///usr/local/code-server-3.11.0-linux-amd64/lib/vscode/extensions/typescript-language-features/dist/extension
